<?xml version="1.0" encoding="UTF-8"?>
<!-- Generated by org.testng.reporters.JUnitReportReporter -->
<testsuite hostname="Archanas-Air.phub.net.cable.rogers.com" failures="0" tests="2" name="rahulshettyacademy.Tests.PlaceOrderTest" time="52.368" errors="0" timestamp="2023-03-24T18:34:30 EDT" skipped="0">
  <testcase classname="rahulshettyacademy.Tests.PlaceOrderTest" name="PlaceOrderTest" time="25.768"/>
  <system-out/>
  <testcase classname="rahulshettyacademy.Tests.PlaceOrderTest" name="PlaceOrderTest" time="26.600"/>
  <system-out/>
</testsuite> <!-- rahulshettyacademy.Tests.PlaceOrderTest -->
