<?xml version="1.0" encoding="UTF-8"?>
<!-- Generated by org.testng.reporters.JUnitReportReporter -->
<testsuite hostname="Archanas-Air.phub.net.cable.rogers.com" failures="0" tests="3" name="rahulshettyacademy.Tests.PlaceOrderTest" time="73.586" errors="0" timestamp="2023-03-29T14:13:28 EDT" skipped="0">
  <testcase classname="rahulshettyacademy.Tests.PlaceOrderTest" name="PlaceOrderTest" time="31.463"/>
  <system-out/>
  <testcase classname="rahulshettyacademy.Tests.PlaceOrderTest" name="PlaceOrderTest" time="26.352"/>
  <system-out/>
  <testcase classname="rahulshettyacademy.Tests.PlaceOrderTest" name="OrderHistoryTest" time="15.771"/>
  <system-out/>
</testsuite> <!-- rahulshettyacademy.Tests.PlaceOrderTest -->
