<?xml version="1.0" encoding="UTF-8"?>
<!-- Generated by org.testng.reporters.JUnitReportReporter -->
<testsuite hostname="Archanas-Air.phub.net.cable.rogers.com" failures="0" tests="2" name="rahulshettyacademy.Tests.PlaceOrderTest" time="48.297" errors="0" timestamp="2023-03-24T11:51:22 EDT" skipped="0">
  <testcase classname="rahulshettyacademy.Tests.PlaceOrderTest" name="PlaceOrderTest" time="24.852"/>
  <system-out/>
  <testcase classname="rahulshettyacademy.Tests.PlaceOrderTest" name="PlaceOrderTest" time="23.445"/>
  <system-out/>
</testsuite> <!-- rahulshettyacademy.Tests.PlaceOrderTest -->
