<?xml version="1.0" encoding="UTF-8"?>
<!-- Generated by org.testng.reporters.JUnitReportReporter -->
<testsuite hostname="Archanas-Air.phub.net.cable.rogers.com" failures="0" tests="2" name="rahulshettyacademy.Tests.ErrorValidationTest" time="42.421" errors="0" timestamp="2023-03-28T23:48:37 EDT" skipped="0">
  <testcase classname="rahulshettyacademy.Tests.ErrorValidationTest" name="LoginErrorValidationTest" time="12.981"/>
  <system-out/>
  <testcase classname="rahulshettyacademy.Tests.ErrorValidationTest" name="ProductErrorValidationTest" time="29.440"/>
  <system-out/>
</testsuite> <!-- rahulshettyacademy.Tests.ErrorValidationTest -->
