<?xml version="1.0" encoding="UTF-8"?>
<!-- Generated by org.testng.reporters.JUnitReportReporter -->
<testsuite hostname="Archanas-Air.phub.net.cable.rogers.com" failures="0" tests="2" name="rahulshettyacademy.Tests.ErrorValidationTest" time="43.441" errors="0" timestamp="2023-03-29T14:13:28 EDT" skipped="0">
  <testcase classname="rahulshettyacademy.Tests.ErrorValidationTest" name="ProductErrorValidationTest" time="27.529"/>
  <system-out/>
  <testcase classname="rahulshettyacademy.Tests.ErrorValidationTest" name="LoginErrorValidationTest" time="15.912"/>
  <system-out/>
</testsuite> <!-- rahulshettyacademy.Tests.ErrorValidationTest -->
