<?xml version="1.0" encoding="UTF-8"?>
<!-- Generated by org.testng.reporters.JUnitReportReporter -->
<testsuite hostname="Archanas-Air.phub.net.cable.rogers.com" failures="0" tests="2" name="rahulshettyacademy.Tests.ErrorValidationTest" time="37.074" errors="0" timestamp="2023-03-24T00:25:40 EDT" skipped="0">
  <testcase classname="rahulshettyacademy.Tests.ErrorValidationTest" name="LoginErrorValidationTest" time="14.260"/>
  <system-out/>
  <testcase classname="rahulshettyacademy.Tests.ErrorValidationTest" name="ProductErrorValidationTest" time="22.814"/>
  <system-out/>
</testsuite> <!-- rahulshettyacademy.Tests.ErrorValidationTest -->
