<?xml version="1.0" encoding="UTF-8"?>
<!-- Generated by org.testng.reporters.JUnitReportReporter -->
<testsuite hostname="Archanas-Air.phub.net.cable.rogers.com" failures="0" tests="1" name="rahulshettyacademy.Tests.ErrorValidationTest" time="17.574" errors="0" timestamp="2023-03-23T23:59:32 EDT" skipped="0">
  <testcase classname="rahulshettyacademy.Tests.ErrorValidationTest" name="LoginErrorValidationTest" time="17.574"/>
  <system-out/>
</testsuite> <!-- rahulshettyacademy.Tests.ErrorValidationTest -->
