<?xml version="1.0" encoding="UTF-8"?>
<!-- Generated by org.testng.reporters.JUnitReportReporter -->
<testsuite hostname="Archanas-Air.phub.net.cable.rogers.com" failures="0" tests="1" name="rahulshettyacademy.Tests.StandAloneTest_ToPlaceFinalOrder" time="21.796" errors="0" timestamp="2023-03-23T18:40:33 EDT" skipped="0">
  <testcase classname="rahulshettyacademy.Tests.StandAloneTest_ToPlaceFinalOrder" name="PlaceOrderTest" time="21.796"/>
  <system-out/>
</testsuite> <!-- rahulshettyacademy.Tests.StandAloneTest_ToPlaceFinalOrder -->
